  [1m[35m (25.8ms)[0m  [1m[35mCREATE TABLE "schema_migrations" ("version" character varying NOT NULL PRIMARY KEY)[0m
  [1m[35m (18.5ms)[0m  [1m[35mCREATE TABLE "ar_internal_metadata" ("key" character varying NOT NULL PRIMARY KEY, "value" character varying, "created_at" timestamp(6) NOT NULL, "updated_at" timestamp(6) NOT NULL)[0m
  [1m[35m (0.7ms)[0m  [1m[34mSELECT pg_try_advisory_lock(2424206532588620535)[0m
  [1m[35m (1.6ms)[0m  [1m[34mSELECT "schema_migrations"."version" FROM "schema_migrations" ORDER BY "schema_migrations"."version" ASC[0m
  [1m[36mActiveRecord::InternalMetadata Load (1.2ms)[0m  [1m[34mSELECT "ar_internal_metadata".* FROM "ar_internal_metadata" WHERE "ar_internal_metadata"."key" = $1 LIMIT $2[0m  [["key", "environment"], ["LIMIT", 1]]
  [1m[35m (0.4ms)[0m  [1m[35mBEGIN[0m
  [1m[36mActiveRecord::InternalMetadata Create (1.2ms)[0m  [1m[32mINSERT INTO "ar_internal_metadata" ("key", "value", "created_at", "updated_at") VALUES ($1, $2, $3, $4) RETURNING "key"[0m  [["key", "environment"], ["value", "development"], ["created_at", "2020-09-15 01:48:16.947057"], ["updated_at", "2020-09-15 01:48:16.947057"]]
  [1m[35m (2.8ms)[0m  [1m[35mCOMMIT[0m
  [1m[35m (0.6ms)[0m  [1m[34mSELECT pg_advisory_unlock(2424206532588620535)[0m
  [1m[35m (1.5ms)[0m  [1m[34mSELECT "schema_migrations"."version" FROM "schema_migrations" ORDER BY "schema_migrations"."version" ASC[0m
  [1m[35m (0.6ms)[0m  [1m[34mSELECT pg_try_advisory_lock(2424206532588620535)[0m
  [1m[35m (1.3ms)[0m  [1m[34mSELECT "schema_migrations"."version" FROM "schema_migrations" ORDER BY "schema_migrations"."version" ASC[0m
Migrating to CreateBooks (20200915014831)
  [1m[35m (0.7ms)[0m  [1m[35mBEGIN[0m
  [1m[35m (21.7ms)[0m  [1m[35mCREATE TABLE "books" ("id" bigserial primary key, "title" character varying, "author" character varying, "genre" character varying, "price" float, "published_date" date, "created_at" timestamp(6) NOT NULL, "updated_at" timestamp(6) NOT NULL)[0m
  [1m[36mprimary::SchemaMigration Create (1.3ms)[0m  [1m[32mINSERT INTO "schema_migrations" ("version") VALUES ($1) RETURNING "version"[0m  [["version", "20200915014831"]]
  [1m[35m (4.1ms)[0m  [1m[35mCOMMIT[0m
  [1m[36mActiveRecord::InternalMetadata Load (1.3ms)[0m  [1m[34mSELECT "ar_internal_metadata".* FROM "ar_internal_metadata" WHERE "ar_internal_metadata"."key" = $1 LIMIT $2[0m  [["key", "environment"], ["LIMIT", 1]]
  [1m[35m (0.7ms)[0m  [1m[34mSELECT pg_advisory_unlock(2424206532588620535)[0m
  [1m[35m (1.4ms)[0m  [1m[34mSELECT "schema_migrations"."version" FROM "schema_migrations" ORDER BY "schema_migrations"."version" ASC[0m
Started GET "/" for 127.0.0.1 at 2020-09-14 22:40:06 -0500
  [1m[35m (2.4ms)[0m  [1m[34mSELECT "schema_migrations"."version" FROM "schema_migrations" ORDER BY "schema_migrations"."version" ASC[0m
Processing by BooksController#index as HTML
Completed 500 Internal Server Error in 90ms (ActiveRecord: 0.0ms | Allocations: 4367)


  
NoMethodError (undefined method `sorted' for #<Class:0x00007f0260b188e8>
Did you mean?  store):
  
app/controllers/books_controller.rb:11:in `index'
Started GET "/" for 127.0.0.1 at 2020-09-14 22:43:17 -0500
Processing by BooksController#index as HTML
  Rendering books/index.html.erb within layouts/application
  [1m[36mBook Load (2.3ms)[0m  [1m[34mSELECT "books".* FROM "books" ORDER BY position ASC LIMIT $1[0m  [["LIMIT", 11]]
  [1m[36mBook Load (2.1ms)[0m  [1m[34mSELECT "books".* FROM "books" ORDER BY position ASC LIMIT $1[0m  [["LIMIT", 11]]
  Rendered books/index.html.erb within layouts/application (Duration: 72.7ms | Allocations: 9740)
Completed 500 Internal Server Error in 87ms (ActiveRecord: 4.5ms | Allocations: 11382)


  
ActionView::Template::Error (undefined local variable or method `new_book_path' for #<#<Class:0x00007f0260d3a068>:0x00007f0260d38718>
Did you mean?  books_new_path):
     8: <div class="books index">
     9:   <h2>Books</h2>
    10: 
    11:   <%= link_to("Add New Book", new_book_path, :class => 'action new') %>
    12: 
    13:   <table class="listing" summary="book list">
    14:     <tr class="header">
  
app/views/books/index.html.erb:11
Started GET "/" for 127.0.0.1 at 2020-09-14 22:45:46 -0500
Processing by BooksController#index as HTML
  Rendering books/index.html.erb within layouts/application
  [1m[36mBook Load (2.5ms)[0m  [1m[34mSELECT "books".* FROM "books" ORDER BY position ASC LIMIT $1[0m  [["LIMIT", 11]]
  [1m[36mBook Load (2.7ms)[0m  [1m[34mSELECT "books".* FROM "books" ORDER BY position ASC LIMIT $1[0m  [["LIMIT", 11]]
  Rendered books/index.html.erb within layouts/application (Duration: 62.9ms | Allocations: 9353)
Completed 500 Internal Server Error in 71ms (ActiveRecord: 5.2ms | Allocations: 10222)


  
ActionView::Template::Error (undefined local variable or method `new_book_path' for #<#<Class:0x00007f0260f42d60>:0x00007f0260f40fd8>
Did you mean?  books_new_path):
     8: <div class="books index">
     9:   <h2>Books</h2>
    10: 
    11:   <%= link_to("Add New Book", new_book_path, :class => 'action new') %>
    12: 
    13:   <table class="listing" summary="book list">
    14:     <tr class="header">
  
app/views/books/index.html.erb:11
Started GET "/" for 127.0.0.1 at 2020-09-14 22:47:23 -0500
Processing by BooksController#index as HTML
  Rendering books/index.html.erb within layouts/application
  [1m[36mBook Load (3.7ms)[0m  [1m[34mSELECT "books".* FROM "books" ORDER BY position ASC[0m
  ↳ app/views/books/index.html.erb:21
  Rendered books/index.html.erb within layouts/application (Duration: 9.5ms | Allocations: 2086)
Completed 500 Internal Server Error in 19ms (ActiveRecord: 3.7ms | Allocations: 2958)


  
ActionView::Template::Error (PG::UndefinedColumn: ERROR:  column "position" does not exist
LINE 1: SELECT "books".* FROM "books" ORDER BY position ASC
                                               ^
):
    18:       <th>Price</th>
    19:       <th>Published Date</th>
    20:     </tr>
    21:     <% @books.each do |book| %>
    22:     <tr>
    23:       <td><%= book.title %></td>
    24:       <td><%= book.author %></td>
  
app/views/books/index.html.erb:21
Started GET "/" for 127.0.0.1 at 2020-09-14 22:48:19 -0500
Processing by BooksController#index as HTML
  Rendering books/index.html.erb within layouts/application
  [1m[36mBook Load (1.8ms)[0m  [1m[34mSELECT "books".* FROM "books" ORDER BY title ASC[0m
  ↳ app/views/books/index.html.erb:21
  Rendered books/index.html.erb within layouts/application (Duration: 15.8ms | Allocations: 1162)
[Webpacker] Compiling...
[Webpacker] Compiled all packs in /root/assignment-3-ruby-on-rails-justmetz25/public/packs
[Webpacker] Hash: 15d1bb7b54cf6326b9ba
Version: webpack 4.44.1
Time: 7414ms
Built at: 09/14/2020 10:48:31 PM
                                     Asset       Size       Chunks                         Chunk Names
    js/application-9afcbb5693aa87623e69.js    124 KiB  application  [emitted] [immutable]  application
js/application-9afcbb5693aa87623e69.js.map    139 KiB  application  [emitted] [dev]        application
                             manifest.json  364 bytes               [emitted]              
Entrypoint application = js/application-9afcbb5693aa87623e69.js js/application-9afcbb5693aa87623e69.js.map
[./app/javascript/channels sync recursive _channel\.js$] ./app/javascript/channels sync _channel\.js$ 160 bytes {application} [built]
[./app/javascript/channels/index.js] 211 bytes {application} [built]
[./app/javascript/packs/application.js] 749 bytes {application} [built]
[./node_modules/webpack/buildin/module.js] (webpack)/buildin/module.js 552 bytes {application} [built]
    + 3 hidden modules

Completed 200 OK in 12744ms (Views: 12728.8ms | ActiveRecord: 6.6ms | Allocations: 17912)


Started GET "/books/new" for 127.0.0.1 at 2020-09-14 22:48:36 -0500
Processing by BooksController#new as HTML
  Rendering books/new.html.erb within layouts/application
  Rendered books/new.html.erb within layouts/application (Duration: 74.8ms | Allocations: 4673)
Completed 500 Internal Server Error in 147ms (ActiveRecord: 12.9ms | Allocations: 9381)


  
ActionView::Template::Error (undefined method `date' for #<Book:0x00007f0260f1c048>
Did you mean?  update):
    24:       </tr>
    25:       <tr>
    26:         <th>Date</th>
    27:         <td><%= f.date_select(:date, start_year: Time.new(1900).year, end_year:Time.now.year) %></td>
    28:       </tr>
    29:     </table>
    30: 
  
app/views/books/new.html.erb:27
app/views/books/new.html.erb:6
Started GET "/books/new" for 127.0.0.1 at 2020-09-14 22:50:01 -0500
Processing by BooksController#new as HTML
  Rendering books/new.html.erb within layouts/application
  Rendered books/new.html.erb within layouts/application (Duration: 16.7ms | Allocations: 3702)
Completed 500 Internal Server Error in 29ms (ActiveRecord: 0.0ms | Allocations: 4868)


  
ActionView::Template::Error (undefined method `date' for #<Book:0x00007f0260cdc8a0>
Did you mean?  update):
    24:       </tr>
    25:       <tr>
    26:         <th>Date</th>
    27:         <td><%= f.date_select :date, start_year: Time.new(1900).year, end_year:Time.now.year %></td>
    28:       </tr>
    29:     </table>
    30: 
  
app/views/books/new.html.erb:27
app/views/books/new.html.erb:6
Started GET "/books/new" for 127.0.0.1 at 2020-09-14 22:50:54 -0500
Processing by BooksController#new as HTML
  Rendering books/new.html.erb within layouts/application
  Rendered books/new.html.erb within layouts/application (Duration: 769.8ms | Allocations: 130719)
Completed 500 Internal Server Error in 779ms (ActiveRecord: 0.0ms | Allocations: 131885)


  
ActionView::Template::Error (undefined local variable or method `book' for #<#<Class:0x00007f026079d560>:0x00007f026077aa60>
Did you mean?  @book):
    35:   <% end %>
    36: </div>
    37: 
    38: <td><%= book.published_date.strftime("%m-%d-%Y") %></td>
  
app/views/books/new.html.erb:38
Started GET "/books/new" for 127.0.0.1 at 2020-09-14 22:51:37 -0500
Processing by BooksController#new as HTML
  Rendering books/new.html.erb within layouts/application
  Rendered books/new.html.erb within layouts/application (Duration: 14.8ms | Allocations: 3353)
[Webpacker] Everything's up-to-date. Nothing to do
Completed 200 OK in 42ms (Views: 38.7ms | ActiveRecord: 0.0ms | Allocations: 8023)


Started POST "/books" for 127.0.0.1 at 2020-09-14 22:52:04 -0500
Processing by BooksController#create as HTML
  Parameters: {"authenticity_token"=>"F6/v3NJxGvDWqhT3Ps5YPuRfXP/7Vh4v8kiPQxKSy4l/R1lgKKqdJ4tM874ZeCaCaiUwwR+S2kyOs/DHjIS0pA==", "book"=>{"title"=>"hi", "author"=>"hello", "genre"=>"Nonfiction", "price"=>"20", "published_date(1i)"=>"1998", "published_date(2i)"=>"3", "published_date(3i)"=>"8"}, "commit"=>"Create Book"}
  [1m[35m (0.5ms)[0m  [1m[35mBEGIN[0m
  ↳ app/controllers/books_controller.rb:43:in `create'
  [1m[36mBook Create (1.6ms)[0m  [1m[32mINSERT INTO "books" ("title", "author", "genre", "price", "published_date", "created_at", "updated_at") VALUES ($1, $2, $3, $4, $5, $6, $7) RETURNING "id"[0m  [["title", "hi"], ["author", "hello"], ["genre", "Nonfiction"], ["price", 20.0], ["published_date", "1998-03-08"], ["created_at", "2020-09-15 03:52:04.918782"], ["updated_at", "2020-09-15 03:52:04.918782"]]
  ↳ app/controllers/books_controller.rb:43:in `create'
  [1m[35m (3.1ms)[0m  [1m[35mCOMMIT[0m
  ↳ app/controllers/books_controller.rb:43:in `create'
Completed 500 Internal Server Error in 29ms (ActiveRecord: 5.2ms | Allocations: 3434)


  
ActionController::UrlGenerationError (No route matches {:action=>"show", :controller=>"books"}, missing required keys: [:id]):
  
app/controllers/books_controller.rb:45:in `create'
Started POST "/books" for 127.0.0.1 at 2020-09-14 22:53:54 -0500
Processing by BooksController#create as HTML
  Parameters: {"authenticity_token"=>"F6/v3NJxGvDWqhT3Ps5YPuRfXP/7Vh4v8kiPQxKSy4l/R1lgKKqdJ4tM874ZeCaCaiUwwR+S2kyOs/DHjIS0pA==", "book"=>{"title"=>"hi", "author"=>"hello", "genre"=>"Nonfiction", "price"=>"20", "published_date(1i)"=>"1998", "published_date(2i)"=>"3", "published_date(3i)"=>"8"}, "commit"=>"Create Book"}
  [1m[35m (2.4ms)[0m  [1m[35mBEGIN[0m
  ↳ app/controllers/books_controller.rb:43:in `create'
  [1m[36mBook Create (2.8ms)[0m  [1m[32mINSERT INTO "books" ("title", "author", "genre", "price", "published_date", "created_at", "updated_at") VALUES ($1, $2, $3, $4, $5, $6, $7) RETURNING "id"[0m  [["title", "hi"], ["author", "hello"], ["genre", "Nonfiction"], ["price", 20.0], ["published_date", "1998-03-08"], ["created_at", "2020-09-15 03:53:54.267047"], ["updated_at", "2020-09-15 03:53:54.267047"]]
  ↳ app/controllers/books_controller.rb:43:in `create'
  [1m[35m (3.8ms)[0m  [1m[35mCOMMIT[0m
  ↳ app/controllers/books_controller.rb:43:in `create'
Redirected to http://127.0.0.1:3000/books
Completed 302 Found in 97ms (ActiveRecord: 20.7ms | Allocations: 7490)


Started GET "/books" for 127.0.0.1 at 2020-09-14 22:53:54 -0500
Processing by BooksController#index as HTML
  Rendering books/index.html.erb within layouts/application
  [1m[36mBook Load (0.9ms)[0m  [1m[34mSELECT "books".* FROM "books" ORDER BY title ASC[0m
  ↳ app/views/books/index.html.erb:21
  Rendered books/index.html.erb within layouts/application (Duration: 12.9ms | Allocations: 1305)
[Webpacker] Everything's up-to-date. Nothing to do
Completed 200 OK in 52ms (Views: 45.5ms | ActiveRecord: 0.9ms | Allocations: 5390)


Started GET "/books/1/delete" for 127.0.0.1 at 2020-09-14 22:54:00 -0500
Processing by BooksController#delete as HTML
  Parameters: {"id"=>"1"}
  [1m[36mBook Load (0.7ms)[0m  [1m[34mSELECT "books".* FROM "books" WHERE "books"."id" = $1 LIMIT $2[0m  [["id", 1], ["LIMIT", 1]]
  ↳ app/controllers/books_controller.rb:3:in `delete'
  Rendering books/delete.html.erb within layouts/application
  Rendered books/delete.html.erb within layouts/application (Duration: 27.3ms | Allocations: 3301)
Completed 500 Internal Server Error in 42ms (ActiveRecord: 1.1ms | Allocations: 4821)


  
ActionView::Template::Error (undefined method `name' for #<Book:0x00007f0260ae5600>):
     7:                                                                                                                                                                                                                                                                                                                            
     8:     <p>Are you sure you want to permanently delete this Book?</p>                                                                                                                                                                                                                                                       
     9:                                                                                                                                                                                                                                                                                                                            
    10:     <p class="reference-name"><%= f.object.name %></p>                                                                                                                                                                                                                                                                     
    11:                                                                                                                                                                                                                                                                                                                            
    12:     <div class="form-buttons">                                                                                                                                                                                                                                                                                             
    13:       <%= f.submit("Delete Book") %>                                                                                                                                                                                                                                                                                    
  
app/views/books/delete.html.erb:10
app/views/books/delete.html.erb:6
Started GET "/books/1/delete" for 127.0.0.1 at 2020-09-14 22:54:25 -0500
Processing by BooksController#delete as HTML
  Parameters: {"id"=>"1"}
  [1m[36mBook Load (1.0ms)[0m  [1m[34mSELECT "books".* FROM "books" WHERE "books"."id" = $1 LIMIT $2[0m  [["id", 1], ["LIMIT", 1]]
  ↳ app/controllers/books_controller.rb:3:in `delete'
  Rendering books/delete.html.erb within layouts/application
  Rendered books/delete.html.erb within layouts/application (Duration: 4.7ms | Allocations: 456)
[Webpacker] Everything's up-to-date. Nothing to do
Completed 200 OK in 44ms (Views: 35.3ms | ActiveRecord: 1.0ms | Allocations: 5665)


Started DELETE "/books/1" for 127.0.0.1 at 2020-09-14 22:54:28 -0500
Processing by BooksController#destroy as HTML
  Parameters: {"authenticity_token"=>"yrG/tK764dpaJUAsrWzBb7c0TyXSVxh9VjbikDTzJWeiWQkIVCFmDQfDp2WK2r/TOU4jGzaT3B4qzZ0UquVaSg==", "commit"=>"Delete Book", "id"=>"1"}
  [1m[36mBook Load (1.2ms)[0m  [1m[34mSELECT "books".* FROM "books" WHERE "books"."id" = $1 LIMIT $2[0m  [["id", 1], ["LIMIT", 1]]
  ↳ app/controllers/books_controller.rb:23:in `destroy'
  [1m[35m (0.5ms)[0m  [1m[35mBEGIN[0m
  ↳ app/controllers/books_controller.rb:24:in `destroy'
  [1m[36mBook Destroy (1.0ms)[0m  [1m[31mDELETE FROM "books" WHERE "books"."id" = $1[0m  [["id", 1]]
  ↳ app/controllers/books_controller.rb:24:in `destroy'
  [1m[35m (4.5ms)[0m  [1m[35mCOMMIT[0m
  ↳ app/controllers/books_controller.rb:24:in `destroy'
Completed 500 Internal Server Error in 47ms (ActiveRecord: 7.1ms | Allocations: 5070)


  
NoMethodError (undefined method `name' for #<Book:0x00007f0260dcdf98>):
  
app/controllers/books_controller.rb:25:in `destroy'
Started DELETE "/books/1" for 127.0.0.1 at 2020-09-14 22:55:17 -0500
Processing by BooksController#destroy as HTML
  Parameters: {"authenticity_token"=>"yrG/tK764dpaJUAsrWzBb7c0TyXSVxh9VjbikDTzJWeiWQkIVCFmDQfDp2WK2r/TOU4jGzaT3B4qzZ0UquVaSg==", "commit"=>"Delete Book", "id"=>"1"}
  [1m[36mBook Load (0.7ms)[0m  [1m[34mSELECT "books".* FROM "books" WHERE "books"."id" = $1 LIMIT $2[0m  [["id", 1], ["LIMIT", 1]]
  ↳ app/controllers/books_controller.rb:23:in `destroy'
Completed 404 Not Found in 30ms (ActiveRecord: 15.0ms | Allocations: 2007)


  
ActiveRecord::RecordNotFound (Couldn't find Book with 'id'=1):
  
app/controllers/books_controller.rb:23:in `destroy'
Started GET "/" for 127.0.0.1 at 2020-09-14 22:55:24 -0500
Processing by BooksController#index as HTML
  Rendering books/index.html.erb within layouts/application
  [1m[36mBook Load (1.2ms)[0m  [1m[34mSELECT "books".* FROM "books" ORDER BY title ASC[0m
  ↳ app/views/books/index.html.erb:21
  Rendered books/index.html.erb within layouts/application (Duration: 47.9ms | Allocations: 4915)
[Webpacker] Everything's up-to-date. Nothing to do
Completed 200 OK in 88ms (Views: 81.4ms | ActiveRecord: 1.2ms | Allocations: 8994)


Started GET "/books/2/edit" for 127.0.0.1 at 2020-09-14 22:55:26 -0500
Processing by BooksController#edit as HTML
  Parameters: {"id"=>"2"}
  [1m[36mBook Load (1.0ms)[0m  [1m[34mSELECT "books".* FROM "books" WHERE "books"."id" = $1 LIMIT $2[0m  [["id", 2], ["LIMIT", 1]]
  ↳ app/controllers/books_controller.rb:7:in `edit'
  Rendering books/edit.html.erb within layouts/application
  Rendered books/edit.html.erb within layouts/application (Duration: 12.1ms | Allocations: 3463)
[Webpacker] Everything's up-to-date. Nothing to do
Completed 200 OK in 43ms (Views: 29.9ms | ActiveRecord: 1.0ms | Allocations: 7893)


Started PATCH "/books/2" for 127.0.0.1 at 2020-09-14 22:55:33 -0500
Processing by BooksController#update as HTML
  Parameters: {"authenticity_token"=>"TtaVC2AAVNYX5AEI7c1b1KD6JC72qGIDqwL/Fqw9x/6k1BbPRzgUYmH3XOROxB5ZQ5WGhgJSFWv4wxHAN0Gdkw==", "book"=>{"title"=>"hi", "author"=>"hello", "genre"=>"Nonfiction", "price"=>"200", "published_date(1i)"=>"1998", "published_date(2i)"=>"3", "published_date(3i)"=>"8"}, "commit"=>"Update Book", "id"=>"2"}
  [1m[36mBook Load (1.0ms)[0m  [1m[34mSELECT "books".* FROM "books" WHERE "books"."id" = $1 LIMIT $2[0m  [["id", 2], ["LIMIT", 1]]
  ↳ app/controllers/books_controller.rb:30:in `update'
DEPRECATION WARNING: update_attributes is deprecated and will be removed from Rails 6.1 (please, use update instead) (called from update at /root/assignment-3-ruby-on-rails-justmetz25/app/controllers/books_controller.rb:31)
  [1m[35m (0.6ms)[0m  [1m[35mBEGIN[0m
  ↳ app/controllers/books_controller.rb:31:in `update'
  [1m[36mBook Update (1.3ms)[0m  [1m[33mUPDATE "books" SET "price" = $1, "updated_at" = $2 WHERE "books"."id" = $3[0m  [["price", 200.0], ["updated_at", "2020-09-15 03:55:33.443760"], ["id", 2]]
  ↳ app/controllers/books_controller.rb:31:in `update'
  [1m[35m (2.1ms)[0m  [1m[35mCOMMIT[0m
  ↳ app/controllers/books_controller.rb:31:in `update'
Redirected to http://127.0.0.1:3000/books
Completed 302 Found in 31ms (ActiveRecord: 5.0ms | Allocations: 3687)


Started GET "/books" for 127.0.0.1 at 2020-09-14 22:55:33 -0500
Processing by BooksController#index as HTML
  Rendering books/index.html.erb within layouts/application
  [1m[36mBook Load (1.3ms)[0m  [1m[34mSELECT "books".* FROM "books" ORDER BY title ASC[0m
  ↳ app/views/books/index.html.erb:21
  Rendered books/index.html.erb within layouts/application (Duration: 8.7ms | Allocations: 823)
[Webpacker] Everything's up-to-date. Nothing to do
Completed 200 OK in 46ms (Views: 38.6ms | ActiveRecord: 1.3ms | Allocations: 4622)


Started GET "/books/2" for 127.0.0.1 at 2020-09-14 22:55:47 -0500
Processing by BooksController#show as HTML
  Parameters: {"id"=>"2"}
Completed 404 Not Found in 3ms (ActiveRecord: 0.0ms | Allocations: 613)


  
ActiveRecord::RecordNotFound (Couldn't find Book without an ID):
  
app/controllers/books_controller.rb:19:in `show'
Started GET "/books/2" for 127.0.0.1 at 2020-09-14 22:56:19 -0500
Processing by BooksController#show as HTML
  Parameters: {"id"=>"2"}
  [1m[36mBook Load (0.5ms)[0m  [1m[34mSELECT "books".* FROM "books" WHERE "books"."id" = $1 LIMIT $2[0m  [["id", 2], ["LIMIT", 1]]
  ↳ app/controllers/books_controller.rb:19:in `show'
  Rendering books/show.html.erb within layouts/application
  Rendered books/show.html.erb within layouts/application (Duration: 688.1ms | Allocations: 125545)
Completed 500 Internal Server Error in 761ms (ActiveRecord: 11.6ms | Allocations: 131500)


  
ActionView::Template::Error (undefined local variable or method `book' for #<#<Class:0x000055c4469eb438>:0x000055c4469dc2f8>
Did you mean?  @book):
    24:     </tr>
    25:     <tr>
    26:       <th>Price</th>
    27:       <td><%= book.price %></td>
    28:     </tr>
    29:     <tr>
    30:       <th>Date</th>
  
app/views/books/show.html.erb:27
Started GET "/books/2" for 127.0.0.1 at 2020-09-14 22:57:02 -0500
Processing by BooksController#show as HTML
  Parameters: {"id"=>"2"}
  [1m[36mBook Load (0.6ms)[0m  [1m[34mSELECT "books".* FROM "books" WHERE "books"."id" = $1 LIMIT $2[0m  [["id", 2], ["LIMIT", 1]]
  ↳ app/controllers/books_controller.rb:19:in `show'
  Rendering books/show.html.erb within layouts/application
  Rendered books/show.html.erb within layouts/application (Duration: 3.2ms | Allocations: 312)
[Webpacker] Everything's up-to-date. Nothing to do
Completed 200 OK in 37ms (Views: 28.4ms | ActiveRecord: 0.6ms | Allocations: 5526)


Started GET "/books" for 127.0.0.1 at 2020-09-14 22:57:05 -0500
Processing by BooksController#index as HTML
  Rendering books/index.html.erb within layouts/application
  [1m[36mBook Load (1.1ms)[0m  [1m[34mSELECT "books".* FROM "books" ORDER BY title ASC[0m
  ↳ app/views/books/index.html.erb:21
  Rendered books/index.html.erb within layouts/application (Duration: 16.3ms | Allocations: 1149)
[Webpacker] Everything's up-to-date. Nothing to do
Completed 200 OK in 41ms (Views: 35.6ms | ActiveRecord: 1.1ms | Allocations: 5049)


Started GET "/books/2/edit" for 127.0.0.1 at 2020-09-14 22:57:08 -0500
Processing by BooksController#edit as HTML
  Parameters: {"id"=>"2"}
  [1m[36mBook Load (0.7ms)[0m  [1m[34mSELECT "books".* FROM "books" WHERE "books"."id" = $1 LIMIT $2[0m  [["id", 2], ["LIMIT", 1]]
  ↳ app/controllers/books_controller.rb:7:in `edit'
  Rendering books/edit.html.erb within layouts/application
  Rendered books/edit.html.erb within layouts/application (Duration: 18.0ms | Allocations: 3456)
[Webpacker] Everything's up-to-date. Nothing to do
Completed 200 OK in 55ms (Views: 41.3ms | ActiveRecord: 0.7ms | Allocations: 7880)


Started PATCH "/books/2" for 127.0.0.1 at 2020-09-14 22:57:13 -0500
Processing by BooksController#update as HTML
  Parameters: {"authenticity_token"=>"WJKyq9ddMuS8MBcDsMvs1tqFxTm5/S8cckRpecIJtsGykDFv8GVyUMojSu8TwqlbOepnkU0HWHQhhYevWXXsrA==", "book"=>{"title"=>"hi", "author"=>"hello", "genre"=>"Fantasy", "price"=>"200.0", "published_date(1i)"=>"1998", "published_date(2i)"=>"3", "published_date(3i)"=>"8"}, "commit"=>"Update Book", "id"=>"2"}
  [1m[36mBook Load (0.8ms)[0m  [1m[34mSELECT "books".* FROM "books" WHERE "books"."id" = $1 LIMIT $2[0m  [["id", 2], ["LIMIT", 1]]
  ↳ app/controllers/books_controller.rb:30:in `update'
DEPRECATION WARNING: update_attributes is deprecated and will be removed from Rails 6.1 (please, use update instead) (called from update at /root/assignment-3-ruby-on-rails-justmetz25/app/controllers/books_controller.rb:31)
  [1m[35m (0.5ms)[0m  [1m[35mBEGIN[0m
  ↳ app/controllers/books_controller.rb:31:in `update'
  [1m[36mBook Update (1.0ms)[0m  [1m[33mUPDATE "books" SET "genre" = $1, "updated_at" = $2 WHERE "books"."id" = $3[0m  [["genre", "Fantasy"], ["updated_at", "2020-09-15 03:57:13.813138"], ["id", 2]]
  ↳ app/controllers/books_controller.rb:31:in `update'
  [1m[35m (3.5ms)[0m  [1m[35mCOMMIT[0m
  ↳ app/controllers/books_controller.rb:31:in `update'
Redirected to http://127.0.0.1:3000/books
Completed 302 Found in 35ms (ActiveRecord: 5.7ms | Allocations: 3638)


Started GET "/books" for 127.0.0.1 at 2020-09-14 22:57:13 -0500
Processing by BooksController#index as HTML
  Rendering books/index.html.erb within layouts/application
  [1m[36mBook Load (2.4ms)[0m  [1m[34mSELECT "books".* FROM "books" ORDER BY title ASC[0m
  ↳ app/views/books/index.html.erb:21
  Rendered books/index.html.erb within layouts/application (Duration: 13.8ms | Allocations: 823)
[Webpacker] Everything's up-to-date. Nothing to do
Completed 200 OK in 45ms (Views: 39.5ms | ActiveRecord: 2.4ms | Allocations: 4598)


Started GET "/books/new" for 127.0.0.1 at 2020-09-14 22:57:17 -0500
Processing by BooksController#new as HTML
  Rendering books/new.html.erb within layouts/application
  Rendered books/new.html.erb within layouts/application (Duration: 18.1ms | Allocations: 3350)
[Webpacker] Everything's up-to-date. Nothing to do
Completed 200 OK in 45ms (Views: 41.0ms | ActiveRecord: 0.0ms | Allocations: 7221)


Started POST "/books" for 127.0.0.1 at 2020-09-14 22:58:00 -0500
Processing by BooksController#create as HTML
  Parameters: {"authenticity_token"=>"GQWw9Jwmgve/IoHbzrMMqyelA3mgzZMilr7z9tzzkY2fzOnZvOu3WKdkVorf3n0h0WJLYgUOYMAw8MpG2eE70w==", "book"=>{"title"=>"justin", "author"=>"is a loser", "genre"=>"Childrens Books", "price"=>"19.99", "published_date(1i)"=>"1998", "published_date(2i)"=>"5", "published_date(3i)"=>"5"}, "commit"=>"Create Book"}
  [1m[35m (0.4ms)[0m  [1m[35mBEGIN[0m
  ↳ app/controllers/books_controller.rb:43:in `create'
  [1m[36mBook Create (1.3ms)[0m  [1m[32mINSERT INTO "books" ("title", "author", "genre", "price", "published_date", "created_at", "updated_at") VALUES ($1, $2, $3, $4, $5, $6, $7) RETURNING "id"[0m  [["title", "justin"], ["author", "is a loser"], ["genre", "Childrens Books"], ["price", 19.99], ["published_date", "1998-05-05"], ["created_at", "2020-09-15 03:58:00.205958"], ["updated_at", "2020-09-15 03:58:00.205958"]]
  ↳ app/controllers/books_controller.rb:43:in `create'
  [1m[35m (3.0ms)[0m  [1m[35mCOMMIT[0m
  ↳ app/controllers/books_controller.rb:43:in `create'
Redirected to http://127.0.0.1:3000/books
Completed 302 Found in 25ms (ActiveRecord: 4.7ms | Allocations: 2926)


Started GET "/books" for 127.0.0.1 at 2020-09-14 22:58:00 -0500
Processing by BooksController#index as HTML
  Rendering books/index.html.erb within layouts/application
  [1m[36mBook Load (1.0ms)[0m  [1m[34mSELECT "books".* FROM "books" ORDER BY title ASC[0m
  ↳ app/views/books/index.html.erb:21
  Rendered books/index.html.erb within layouts/application (Duration: 11.2ms | Allocations: 958)
[Webpacker] Everything's up-to-date. Nothing to do
Completed 200 OK in 56ms (Views: 51.4ms | ActiveRecord: 1.0ms | Allocations: 4747)


Started GET "/books/3/edit" for 127.0.0.1 at 2020-09-14 22:58:16 -0500
Processing by BooksController#edit as HTML
  Parameters: {"id"=>"3"}
  [1m[36mBook Load (8.0ms)[0m  [1m[34mSELECT "books".* FROM "books" WHERE "books"."id" = $1 LIMIT $2[0m  [["id", 3], ["LIMIT", 1]]
  ↳ app/controllers/books_controller.rb:7:in `edit'
  Rendering books/edit.html.erb within layouts/application
  Rendered books/edit.html.erb within layouts/application (Duration: 16.4ms | Allocations: 3122)
[Webpacker] Everything's up-to-date. Nothing to do
Completed 200 OK in 56ms (Views: 40.2ms | ActiveRecord: 8.0ms | Allocations: 7421)


Started PATCH "/books/3" for 127.0.0.1 at 2020-09-14 22:58:21 -0500
Processing by BooksController#update as HTML
  Parameters: {"authenticity_token"=>"IJ2V5wNlOj749gsii5xQCyMzclxulYfLBfiXLQB1q+Oc7fRtwHwjiFPnaoNRVSqyCYnXt6dnavVSrVwxG7mKbA==", "book"=>{"title"=>"justin", "author"=>"is a loser", "genre"=>"Childrens Books", "price"=>"19.99", "published_date(1i)"=>"1998", "published_date(2i)"=>"5", "published_date(3i)"=>"20"}, "commit"=>"Update Book", "id"=>"3"}
  [1m[36mBook Load (0.7ms)[0m  [1m[34mSELECT "books".* FROM "books" WHERE "books"."id" = $1 LIMIT $2[0m  [["id", 3], ["LIMIT", 1]]
  ↳ app/controllers/books_controller.rb:30:in `update'
DEPRECATION WARNING: update_attributes is deprecated and will be removed from Rails 6.1 (please, use update instead) (called from update at /root/assignment-3-ruby-on-rails-justmetz25/app/controllers/books_controller.rb:31)
  [1m[35m (0.4ms)[0m  [1m[35mBEGIN[0m
  ↳ app/controllers/books_controller.rb:31:in `update'
  [1m[36mBook Update (1.2ms)[0m  [1m[33mUPDATE "books" SET "published_date" = $1, "updated_at" = $2 WHERE "books"."id" = $3[0m  [["published_date", "1998-05-20"], ["updated_at", "2020-09-15 03:58:21.519165"], ["id", 3]]
  ↳ app/controllers/books_controller.rb:31:in `update'
  [1m[35m (3.4ms)[0m  [1m[35mCOMMIT[0m
  ↳ app/controllers/books_controller.rb:31:in `update'
Redirected to http://127.0.0.1:3000/books
Completed 302 Found in 29ms (ActiveRecord: 5.7ms | Allocations: 3635)


Started GET "/books" for 127.0.0.1 at 2020-09-14 22:58:21 -0500
Processing by BooksController#index as HTML
  Rendering books/index.html.erb within layouts/application
  [1m[36mBook Load (0.9ms)[0m  [1m[34mSELECT "books".* FROM "books" ORDER BY title ASC[0m
  ↳ app/views/books/index.html.erb:21
  Rendered books/index.html.erb within layouts/application (Duration: 9.3ms | Allocations: 954)
[Webpacker] Everything's up-to-date. Nothing to do
Completed 200 OK in 42ms (Views: 38.0ms | ActiveRecord: 0.9ms | Allocations: 4729)


Started GET "/books/2/delete" for 127.0.0.1 at 2020-09-14 22:58:30 -0500
Processing by BooksController#delete as HTML
  Parameters: {"id"=>"2"}
  [1m[36mBook Load (0.8ms)[0m  [1m[34mSELECT "books".* FROM "books" WHERE "books"."id" = $1 LIMIT $2[0m  [["id", 2], ["LIMIT", 1]]
  ↳ app/controllers/books_controller.rb:3:in `delete'
  Rendering books/delete.html.erb within layouts/application
  Rendered books/delete.html.erb within layouts/application (Duration: 5.4ms | Allocations: 460)
[Webpacker] Everything's up-to-date. Nothing to do
Completed 200 OK in 44ms (Views: 35.1ms | ActiveRecord: 0.8ms | Allocations: 4889)


Started DELETE "/books/2" for 127.0.0.1 at 2020-09-14 22:58:32 -0500
Processing by BooksController#destroy as HTML
  Parameters: {"authenticity_token"=>"WJbArK7gw5q+6zk+CeeDOzNVXtSuuq9R5AukHX/+Lo0u+CUHc92ALznXvgJ/G8s5AGqwv1++dM/kIsbLbqShAQ==", "commit"=>"Delete Book", "id"=>"2"}
  [1m[36mBook Load (0.6ms)[0m  [1m[34mSELECT "books".* FROM "books" WHERE "books"."id" = $1 LIMIT $2[0m  [["id", 2], ["LIMIT", 1]]
  ↳ app/controllers/books_controller.rb:23:in `destroy'
  [1m[35m (0.3ms)[0m  [1m[35mBEGIN[0m
  ↳ app/controllers/books_controller.rb:24:in `destroy'
  [1m[36mBook Destroy (2.2ms)[0m  [1m[31mDELETE FROM "books" WHERE "books"."id" = $1[0m  [["id", 2]]
  ↳ app/controllers/books_controller.rb:24:in `destroy'
  [1m[35m (3.6ms)[0m  [1m[35mCOMMIT[0m
  ↳ app/controllers/books_controller.rb:24:in `destroy'
Redirected to http://127.0.0.1:3000/books
Completed 302 Found in 25ms (ActiveRecord: 6.8ms | Allocations: 2757)


Started GET "/books" for 127.0.0.1 at 2020-09-14 22:58:32 -0500
Processing by BooksController#index as HTML
  Rendering books/index.html.erb within layouts/application
  [1m[36mBook Load (1.0ms)[0m  [1m[34mSELECT "books".* FROM "books" ORDER BY title ASC[0m
  ↳ app/views/books/index.html.erb:21
  Rendered books/index.html.erb within layouts/application (Duration: 14.7ms | Allocations: 822)
[Webpacker] Everything's up-to-date. Nothing to do
Completed 200 OK in 48ms (Views: 42.8ms | ActiveRecord: 1.0ms | Allocations: 4605)


